{"name": "test_screenplay1", "status": "broken", "statusDetails": {"message": "selenium.common.exceptions.JavascriptException: Message: javascript error: arguments[0].scrollIntoView is not a function\n  (Session info: chrome=126.0.6478.55)\nStacktrace:\n\tGetHandleVerifier [0x00007FF684383E62+31618]\n\t(No symbol) [0x00007FF6842FB0C9]\n\t(No symbol) [0x00007FF6841B888A]\n\t(No symbol) [0x00007FF6841BE6BE]\n\t(No symbol) [0x00007FF6841C1338]\n\t(No symbol) [0x00007FF68424D77B]\n\t(No symbol) [0x00007FF68422D10A]\n\t(No symbol) [0x00007FF68424CA80]\n\t(No symbol) [0x00007FF68422CEB3]\n\t(No symbol) [0x00007FF6841FA46B]\n\t(No symbol) [0x00007FF6841FB001]\n\tGetHandleVerifier [0x00007FF68468A03D+3202397]\n\tGetHandleVerifier [0x00007FF6846D6A5D+3516285]\n\tGetHandleVerifier [0x00007FF6846CC4D0+3473904]\n\tGetHandleVerifier [0x00007FF684435D66+760454]\n\t(No symbol) [0x00007FF684306B6F]\n\t(No symbol) [0x00007FF684301D04]\n\t(No symbol) [0x00007FF684301E92]\n\t(No symbol) [0x00007FF6842F123F]\n\tBaseThreadInitThunk [0x00007FFD5A1C7034+20]\n\tRtlUserThreadStart [0x00007FFD5BF226A1+33]", "trace": "browser = <selenium.webdriver.chrome.webdriver.WebDriver (session=\"293eca121b9d68c5736b9de8409864d8\")>\n\n    def test_screenplay1(browser):\n        browser.get(URL_SBIS)\n        main_sbis_page = MainSbisPage(browser)\n    \n        original_page_handler = browser.current_window_handle\n        contacts = main_sbis_page.find_contacts_sbis_page()\n    \n        assert contacts.text == 'Контакты', 'Unexpected text'\n    \n        main_sbis_page.go_to_contacts_sbis_page()\n    \n        contacts_sbis_page = ContactsSbisPage(browser)\n        tensor_banner = contacts_sbis_page.find_tensor_banner()\n        tensor_banner_title = tensor_banner.get_attribute('title')\n    \n        assert tensor_banner_title == 'tensor.ru', 'Unexpected title'\n    \n        contacts_sbis_page.go_to_tensor_main_page()\n    \n        _switch_to_another_handler(browser, original_page_handler)\n    \n        tensor_main_page = TensorMainPage(browser)\n        people_power = tensor_main_page.get_people_power()\n        browser.execute_script(\"arguments[0].scrollIntoView();\", people_power)\n    \n        assert people_power.text == 'Сила в людях', 'Unexpected text'\n    \n        more = tensor_main_page.get_more()\n        browser.execute_script(\"arguments[0].scrollIntoView();\", more)\n    \n        assert more.text == 'Подробнее', 'Unexpected link text'\n    \n        tensor_main_page.go_to_tensor_about_page()\n    \n        tensor_about_page = TensorAboutPage(browser)\n        works = tensor_about_page.get_works()\n        browser.execute_script(\"arguments[0].scrollIntoView();\", works)\n    \n        assert works.text == 'Работаем', 'Unexpected text'\n    \n        images_block = tensor_about_page.get_images_block()\n>       browser.execute_script(\"arguments[0].scrollIntoView();\", images_block)\n\ntests\\test_refactored.py:73: \n_ _ _ _ _ _ _ _ _ _ _ _ _ _ _ _ _ _ _ _ _ _ _ _ _ _ _ _ _ _ _ _ _ _ _ _ _ _ _ _\n.venv\\lib\\site-packages\\selenium\\webdriver\\remote\\webdriver.py:407: in execute_script\n    return self.execute(command, {\"script\": script, \"args\": converted_args})[\"value\"]\n.venv\\lib\\site-packages\\selenium\\webdriver\\remote\\webdriver.py:347: in execute\n    self.error_handler.check_response(response)\n_ _ _ _ _ _ _ _ _ _ _ _ _ _ _ _ _ _ _ _ _ _ _ _ _ _ _ _ _ _ _ _ _ _ _ _ _ _ _ _\n\nself = <selenium.webdriver.remote.errorhandler.ErrorHandler object at 0x0000024FEF579240>\nresponse = {'status': 500, 'value': '{\"value\":{\"error\":\"javascript error\",\"message\":\"javascript error: arguments[0].scrollIntoVie...07FF6842F123F]\\\\n\\\\tBaseThreadInitThunk [0x00007FFD5A1C7034+20]\\\\n\\\\tRtlUserThreadStart [0x00007FFD5BF226A1+33]\\\\n\"}}'}\n\n    def check_response(self, response: Dict[str, Any]) -> None:\n        \"\"\"Checks that a JSON response from the WebDriver does not have an\n        error.\n    \n        :Args:\n         - response - The JSON response from the WebDriver server as a dictionary\n           object.\n    \n        :Raises: If the response contains an error message.\n        \"\"\"\n        status = response.get(\"status\", None)\n        if not status or status == ErrorCode.SUCCESS:\n            return\n        value = None\n        message = response.get(\"message\", \"\")\n        screen: str = response.get(\"screen\", \"\")\n        stacktrace = None\n        if isinstance(status, int):\n            value_json = response.get(\"value\", None)\n            if value_json and isinstance(value_json, str):\n                import json\n    \n                try:\n                    value = json.loads(value_json)\n                    if len(value) == 1:\n                        value = value[\"value\"]\n                    status = value.get(\"error\", None)\n                    if not status:\n                        status = value.get(\"status\", ErrorCode.UNKNOWN_ERROR)\n                        message = value.get(\"value\") or value.get(\"message\")\n                        if not isinstance(message, str):\n                            value = message\n                            message = message.get(\"message\")\n                    else:\n                        message = value.get(\"message\", None)\n                except ValueError:\n                    pass\n    \n        exception_class: Type[WebDriverException]\n        e = ErrorCode()\n        error_codes = [item for item in dir(e) if not item.startswith(\"__\")]\n        for error_code in error_codes:\n            error_info = getattr(ErrorCode, error_code)\n            if isinstance(error_info, list) and status in error_info:\n                exception_class = getattr(ExceptionMapping, error_code, WebDriverException)\n                break\n        else:\n            exception_class = WebDriverException\n    \n        if not value:\n            value = response[\"value\"]\n        if isinstance(value, str):\n            raise exception_class(value)\n        if message == \"\" and \"message\" in value:\n            message = value[\"message\"]\n    \n        screen = None  # type: ignore[assignment]\n        if \"screen\" in value:\n            screen = value[\"screen\"]\n    \n        stacktrace = None\n        st_value = value.get(\"stackTrace\") or value.get(\"stacktrace\")\n        if st_value:\n            if isinstance(st_value, str):\n                stacktrace = st_value.split(\"\\n\")\n            else:\n                stacktrace = []\n                try:\n                    for frame in st_value:\n                        line = frame.get(\"lineNumber\", \"\")\n                        file = frame.get(\"fileName\", \"<anonymous>\")\n                        if line:\n                            file = f\"{file}:{line}\"\n                        meth = frame.get(\"methodName\", \"<anonymous>\")\n                        if \"className\" in frame:\n                            meth = f\"{frame['className']}.{meth}\"\n                        msg = \"    at %s (%s)\"\n                        msg = msg % (meth, file)\n                        stacktrace.append(msg)\n                except TypeError:\n                    pass\n        if exception_class == UnexpectedAlertPresentException:\n            alert_text = None\n            if \"data\" in value:\n                alert_text = value[\"data\"].get(\"text\")\n            elif \"alert\" in value:\n                alert_text = value[\"alert\"].get(\"text\")\n            raise exception_class(message, screen, stacktrace, alert_text)  # type: ignore[call-arg]  # mypy is not smart enough here\n>       raise exception_class(message, screen, stacktrace)\nE       selenium.common.exceptions.JavascriptException: Message: javascript error: arguments[0].scrollIntoView is not a function\nE         (Session info: chrome=126.0.6478.55)\nE       Stacktrace:\nE       \tGetHandleVerifier [0x00007FF684383E62+31618]\nE       \t(No symbol) [0x00007FF6842FB0C9]\nE       \t(No symbol) [0x00007FF6841B888A]\nE       \t(No symbol) [0x00007FF6841BE6BE]\nE       \t(No symbol) [0x00007FF6841C1338]\nE       \t(No symbol) [0x00007FF68424D77B]\nE       \t(No symbol) [0x00007FF68422D10A]\nE       \t(No symbol) [0x00007FF68424CA80]\nE       \t(No symbol) [0x00007FF68422CEB3]\nE       \t(No symbol) [0x00007FF6841FA46B]\nE       \t(No symbol) [0x00007FF6841FB001]\nE       \tGetHandleVerifier [0x00007FF68468A03D+3202397]\nE       \tGetHandleVerifier [0x00007FF6846D6A5D+3516285]\nE       \tGetHandleVerifier [0x00007FF6846CC4D0+3473904]\nE       \tGetHandleVerifier [0x00007FF684435D66+760454]\nE       \t(No symbol) [0x00007FF684306B6F]\nE       \t(No symbol) [0x00007FF684301D04]\nE       \t(No symbol) [0x00007FF684301E92]\nE       \t(No symbol) [0x00007FF6842F123F]\nE       \tBaseThreadInitThunk [0x00007FFD5A1C7034+20]\nE       \tRtlUserThreadStart [0x00007FFD5BF226A1+33]\n\n.venv\\lib\\site-packages\\selenium\\webdriver\\remote\\errorhandler.py:229: JavascriptException"}, "start": 1718221612947, "stop": 1718221622513, "uuid": "b4fbea98-182e-491d-ad1f-76243e198fbf", "historyId": "7bbe28ce858a521ad2c8067552d56b3c", "testCaseId": "7bbe28ce858a521ad2c8067552d56b3c", "fullName": "tests.test_refactored#test_screenplay1", "labels": [{"name": "parentSuite", "value": "tests"}, {"name": "suite", "value": "test_refactored"}, {"name": "host", "value": "ar"}, {"name": "thread", "value": "8356-MainThread"}, {"name": "framework", "value": "pytest"}, {"name": "language", "value": "cpython3"}, {"name": "package", "value": "tests.test_refactored"}]}