{"name": "test_banner", "status": "failed", "statusDetails": {"message": "AssertionError: Unexpected text\nassert 'Работаем\\nМы...одуктах СБИС.' == 'Работаем'\n  \n  - Работаем\n  + Работаем\n  ?         +\n  + Мы находимся в постоянном поиске. Не только уникальных решений,\n  + но и талантливых людей. Присоединяйтесь к нашей команде!\n  + Разрабатываем систему СБИС...\n  \n  ...Full output truncated (10 lines hidden), use '-vv' to show", "trace": "browser = <selenium.webdriver.chrome.webdriver.WebDriver (session=\"d36b4b84e2184d0286c81253fb1052e0\")>\n\n    def test_banner(browser):\n        browser.get(URL)\n        original_page_handler = browser.current_window_handle\n        contacts = browser.find_element(By.CSS_SELECTOR, 'a[href=\"/contacts\"].sbisru-Header__menu-link')\n    \n        assert contacts.text == 'Контакты', 'Unexpected text'\n    \n        contacts.click()\n    \n        tensor_banner = browser.find_element(By.XPATH, '//*[@id=\"contacts_clients\"]/div[1]/div/div/div[2]/div/a')\n        tensor_banner_title = tensor_banner.get_attribute('title')\n    \n        assert tensor_banner_title == 'tensor.ru', 'Unexpected title'\n    \n        tensor_banner.click()\n    \n        _switch_to_another_handler(browser, original_page_handler)\n    \n        people_power = browser.find_element(By.XPATH, '//*[@id=\"container\"]/div[1]/div/div[5]/div/div/div[1]/div/p[1]')\n        browser.execute_script(\"arguments[0].scrollIntoView();\", people_power)\n    \n        assert people_power.text == 'Сила в людях', 'Unexpected text'\n    \n        more = browser.find_element(By.XPATH, '//*[@id=\"container\"]/div[1]/div/div[5]/div/div/div[1]/div/p[4]/a')\n        browser.execute_script(\"arguments[0].scrollIntoView();\", more)\n    \n        assert more.text == 'Подробнее', 'Unexpected link text'\n    \n        more.click()\n    \n        works = browser.find_element(By.XPATH, '//*[@id=\"container\"]/div[1]/div/div[4]')\n    \n>       assert works.text == 'Работаем', 'Unexpected text'\nE       AssertionError: Unexpected text\nE       assert 'Работаем\\nМы...одуктах СБИС.' == 'Работаем'\nE         \nE         - Работаем\nE         + Работаем\nE         ?         +\nE         + Мы находимся в постоянном поиске. Не только уникальных решений,\nE         + но и талантливых людей. Присоединяйтесь к нашей команде!\nE         + Разрабатываем систему СБИС...\nE         \nE         ...Full output truncated (10 lines hidden), use '-vv' to show\n\ntests\\test_screenplays.py:50: AssertionError"}, "start": 1718162307271, "stop": 1718162317131, "uuid": "d0d29d72-5e59-4e27-a6d0-4ca3d07b1509", "historyId": "78d090bad11169d82e10ca050619fc7a", "testCaseId": "78d090bad11169d82e10ca050619fc7a", "fullName": "tests.test_screenplays#test_banner", "labels": [{"name": "parentSuite", "value": "tests"}, {"name": "suite", "value": "test_screenplays"}, {"name": "host", "value": "ar"}, {"name": "thread", "value": "13568-MainThread"}, {"name": "framework", "value": "pytest"}, {"name": "language", "value": "cpython3"}, {"name": "package", "value": "tests.test_screenplays"}]}