{"name": "test_screenplay2", "status": "failed", "statusDetails": {"message": "AssertionError: Unexpected title\nassert 'Краснодарский край' == 'Камчатский край'\n  \n  - Камчатский край\n  + Краснодарский край", "trace": "browser = <selenium.webdriver.chrome.webdriver.WebDriver (session=\"c85a7313add25260cf87c98742aebc32\")>\n\n    def test_screenplay2(browser):\n        browser.get(URL_SBIS)\n        main_sbis_page = MainSbisPage(browser)\n    \n        original_page_handler = browser.current_window_handle\n        contacts = main_sbis_page.find_contacts_sbis_page()\n    \n        assert contacts.text == 'Контакты', 'Unexpected text'\n    \n        main_sbis_page.go_to_contacts_sbis_page()\n    \n        contacts_sbis_page = ContactsSbisPage(browser)\n        curent_region_field = contacts_sbis_page.find_current_region_field()\n        curent_region_field_text = curent_region_field.text\n    \n        assert curent_region_field_text == 'Краснодарский край', 'Unexpected title'\n    \n        _switch_to_another_handler(browser, original_page_handler)\n    \n        partners_list = contacts_sbis_page.find_partners_list()\n    \n        assert partners_list.is_displayed() == True, 'Unexpected text'\n    \n        contacts_sbis_page.go_to_modal_window_of_regions()\n    \n        _switch_to_another_handler(browser, original_page_handler)\n    \n        region = contacts_sbis_page.find_region()\n        region_text = region.text\n    \n        assert region_text == '41 Камчатский край', 'Unexpected title'\n    \n        contacts_sbis_page.go_to_region()\n    \n        _switch_to_another_handler(browser, original_page_handler)\n    \n        curent_region_field = contacts_sbis_page.find_current_region_field()\n        curent_region_field_text = curent_region_field.text\n    \n>       assert curent_region_field_text == 'Камчатский край', 'Unexpected title'\nE       AssertionError: Unexpected title\nE       assert 'Краснодарский край' == 'Камчатский край'\nE         \nE         - Камчатский край\nE         + Краснодарский край\n\ntests\\test_refactored2.py:57: AssertionError"}, "start": 1718225861092, "stop": 1718225867270, "uuid": "1039bb29-8d02-470e-980e-ba178380f2ae", "historyId": "d5e9f6900117bc144e09266c013cd06c", "testCaseId": "d5e9f6900117bc144e09266c013cd06c", "fullName": "tests.test_refactored2#test_screenplay2", "labels": [{"name": "parentSuite", "value": "tests"}, {"name": "suite", "value": "test_refactored2"}, {"name": "host", "value": "ar"}, {"name": "thread", "value": "8808-MainThread"}, {"name": "framework", "value": "pytest"}, {"name": "language", "value": "cpython3"}, {"name": "package", "value": "tests.test_refactored2"}]}