{"name": "test_banner", "status": "failed", "statusDetails": {"message": "AssertionError: Unexpected text\nassert '' == 'Сила в людях'\n  \n  - Сила в людях", "trace": "browser = <selenium.webdriver.chrome.webdriver.WebDriver (session=\"051bf13b76670611468e443b64fc9885\")>\n\n    def test_banner(browser):\n        browser.get(URL)\n        contacts = browser.find_element(By.CSS_SELECTOR, 'a[href=\"/contacts\"].sbisru-Header__menu-link')\n    \n        assert contacts.text == 'Контакты', 'Unexpected text'\n    \n        contacts.click()\n    \n        tensor_banner = browser.find_element(By.XPATH, '//*[@id=\"contacts_clients\"]/div[1]/div/div/div[2]/div/a')\n        tensor_banner_title = tensor_banner.get_attribute('title')\n    \n        assert tensor_banner_title == 'tensor.ru', 'Unexpected title'\n    \n        tensor_banner.click()\n    \n        browser.execute_script(\"window.scrollTo(0, document.body.scrollHeight);\")\n        people_power = browser.find_element(By.XPATH, '//*[@id=\"container\"]/div[1]/div/div[5]/div/div/div[1]/div/p[1]')\n    \n>       assert people_power.text == 'Сила в людях', 'Unexpected text'\nE       AssertionError: Unexpected text\nE       assert '' == 'Сила в людях'\nE         \nE         - Сила в людях\n\ntests\\test_screenplays.py:31: AssertionError"}, "start": 1718159635003, "stop": 1718159640793, "uuid": "c994b385-2047-4933-8993-5b7f5c6f257c", "historyId": "78d090bad11169d82e10ca050619fc7a", "testCaseId": "78d090bad11169d82e10ca050619fc7a", "fullName": "tests.test_screenplays#test_banner", "labels": [{"name": "parentSuite", "value": "tests"}, {"name": "suite", "value": "test_screenplays"}, {"name": "host", "value": "ar"}, {"name": "thread", "value": "21208-MainThread"}, {"name": "framework", "value": "pytest"}, {"name": "language", "value": "cpython3"}, {"name": "package", "value": "tests.test_screenplays"}]}